

***********************************************************************
Fatal NI connect error 12541, connecting to:
 (DESCRIPTION=(ADDRESS=(PROTOCOL=TCP)(HOST=computeru-meu)(PORT=1521))(CONNECT_DATA=(SERVER=DEDICATED)(SERVICE_NAME=bdstud)(CID=(PROGRAM=E:\Microsoft Visual Studio\Vfp98\VFP6.EXE)(HOST=COMPUTERU-MEU)(USER=Mihaela))))

  VERSION INFORMATION:
	TNS for 32-bit Windows: Version 9.2.0.1.0 - Production
	Windows NT TCP/IP NT Protocol Adapter for 32-bit Windows: Version 9.2.0.1.0 - Production
  Time: 19-MAI-2003 23:24:25
  Tracing not turned on.
  Tns error struct:
    nr err code: 0
    ns main err code: 12541
    TNS-12541: TNS:fãrã listener
    ns secondary err code: 12560
    nt main err code: 511
    TNS-00511: Nu este proces de ascultare
    nt secondary err code: 61
    nt OS err code: 0


***********************************************************************
Fatal NI connect error 12541, connecting to:
 (DESCRIPTION=(ADDRESS=(PROTOCOL=TCP)(HOST=computeru-meu)(PORT=1521))(CONNECT_DATA=(SERVER=DEDICATED)(SERVICE_NAME=bdstud)(CID=(PROGRAM=E:\Microsoft Visual Studio\Vfp98\VFP6.EXE)(HOST=COMPUTERU-MEU)(USER=Mihaela))))

  VERSION INFORMATION:
	TNS for 32-bit Windows: Version 9.2.0.1.0 - Production
	Windows NT TCP/IP NT Protocol Adapter for 32-bit Windows: Version 9.2.0.1.0 - Production
  Time: 20-MAI-2003 22:37:50
  Tracing not turned on.
  Tns error struct:
    nr err code: 0
    ns main err code: 12541
    TNS-12541: TNS:fãrã listener
    ns secondary err code: 12560
    nt main err code: 511
    TNS-00511: Nu este proces de ascultare
    nt secondary err code: 61
    nt OS err code: 0


***********************************************************************
Fatal NI connect error 12541, connecting to:
 (DESCRIPTION=(ADDRESS=(PROTOCOL=TCP)(HOST=computeru-meu)(PORT=1521))(CONNECT_DATA=(SERVER=DEDICATED)(SERVICE_NAME=bdstud)(CID=(PROGRAM=E:\Microsoft Visual Studio\Vfp98\VFP6.EXE)(HOST=COMPUTERU-MEU)(USER=Mihaela))))

  VERSION INFORMATION:
	TNS for 32-bit Windows: Version 9.2.0.1.0 - Production
	Windows NT TCP/IP NT Protocol Adapter for 32-bit Windows: Version 9.2.0.1.0 - Production
  Time: 20-MAI-2003 22:37:54
  Tracing not turned on.
  Tns error struct:
    nr err code: 0
    ns main err code: 12541
    TNS-12541: TNS:fãrã listener
    ns secondary err code: 12560
    nt main err code: 511
    TNS-00511: Nu este proces de ascultare
    nt secondary err code: 61
    nt OS err code: 0


***********************************************************************
Fatal NI connect error 12541, connecting to:
 (DESCRIPTION=(ADDRESS=(PROTOCOL=TCP)(HOST=computeru-meu)(PORT=1521))(CONNECT_DATA=(SERVER=DEDICATED)(SERVICE_NAME=bdstud)(CID=(PROGRAM=E:\Microsoft Visual Studio\Vfp98\VFP6.EXE)(HOST=COMPUTERU-MEU)(USER=Mihaela))))

  VERSION INFORMATION:
	TNS for 32-bit Windows: Version 9.2.0.1.0 - Production
	Windows NT TCP/IP NT Protocol Adapter for 32-bit Windows: Version 9.2.0.1.0 - Production
  Time: 21-MAI-2003 17:20:52
  Tracing not turned on.
  Tns error struct:
    nr err code: 0
    ns main err code: 12541
    TNS-12541: TNS:fãrã listener
    ns secondary err code: 12560
    nt main err code: 511
    TNS-00511: Nu este proces de ascultare
    nt secondary err code: 61
    nt OS err code: 0


***********************************************************************
Fatal NI connect error 12541, connecting to:
 (DESCRIPTION=(ADDRESS=(PROTOCOL=TCP)(HOST=computeru-meu)(PORT=1521))(CONNECT_DATA=(SERVER=DEDICATED)(SERVICE_NAME=bdstud)(CID=(PROGRAM=E:\Microsoft Visual Studio\Vfp98\VFP6.EXE)(HOST=COMPUTERU-MEU)(USER=Mihaela))))

  VERSION INFORMATION:
	TNS for 32-bit Windows: Version 9.2.0.1.0 - Production
	Windows NT TCP/IP NT Protocol Adapter for 32-bit Windows: Version 9.2.0.1.0 - Production
  Time: 21-MAI-2003 17:21:01
  Tracing not turned on.
  Tns error struct:
    nr err code: 0
    ns main err code: 12541
    TNS-12541: TNS:fãrã listener
    ns secondary err code: 12560
    nt main err code: 511
    TNS-00511: Nu este proces de ascultare
    nt secondary err code: 61
    nt OS err code: 0


***********************************************************************
Fatal NI connect error 12541, connecting to:
 (DESCRIPTION=(ADDRESS=(PROTOCOL=TCP)(HOST=computeru-meu)(PORT=1521))(CONNECT_DATA=(SERVER=DEDICATED)(SERVICE_NAME=bdstud)(CID=(PROGRAM=E:\Microsoft Visual Studio\Vfp98\VFP6.EXE)(HOST=COMPUTERU-MEU)(USER=Mihaela))))

  VERSION INFORMATION:
	TNS for 32-bit Windows: Version 9.2.0.1.0 - Production
	Windows NT TCP/IP NT Protocol Adapter for 32-bit Windows: Version 9.2.0.1.0 - Production
  Time: 21-MAI-2003 17:21:05
  Tracing not turned on.
  Tns error struct:
    nr err code: 0
    ns main err code: 12541
    TNS-12541: TNS:fãrã listener
    ns secondary err code: 12560
    nt main err code: 511
    TNS-00511: Nu este proces de ascultare
    nt secondary err code: 61
    nt OS err code: 0


***********************************************************************
Fatal NI connect error 12541, connecting to:
 (DESCRIPTION=(ADDRESS=(PROTOCOL=TCP)(HOST=computeru-meu)(PORT=1521))(CONNECT_DATA=(SERVER=DEDICATED)(SERVICE_NAME=bdstud)(CID=(PROGRAM=E:\Microsoft Visual Studio\Vfp98\VFP6.EXE)(HOST=COMPUTERU-MEU)(USER=Mihaela))))

  VERSION INFORMATION:
	TNS for 32-bit Windows: Version 9.2.0.1.0 - Production
	Windows NT TCP/IP NT Protocol Adapter for 32-bit Windows: Version 9.2.0.1.0 - Production
  Time: 21-MAI-2003 17:21:07
  Tracing not turned on.
  Tns error struct:
    nr err code: 0
    ns main err code: 12541
    TNS-12541: TNS:fãrã listener
    ns secondary err code: 12560
    nt main err code: 511
    TNS-00511: Nu este proces de ascultare
    nt secondary err code: 61
    nt OS err code: 0


***********************************************************************
Fatal NI connect error 12541, connecting to:
 (DESCRIPTION=(ADDRESS=(PROTOCOL=TCP)(HOST=computeru-meu)(PORT=1521))(CONNECT_DATA=(SERVER=DEDICATED)(SERVICE_NAME=bdstud)(CID=(PROGRAM=E:\Microsoft Visual Studio\Vfp98\VFP6.EXE)(HOST=COMPUTERU-MEU)(USER=Mihaela))))

  VERSION INFORMATION:
	TNS for 32-bit Windows: Version 9.2.0.1.0 - Production
	Windows NT TCP/IP NT Protocol Adapter for 32-bit Windows: Version 9.2.0.1.0 - Production
  Time: 21-MAI-2003 17:21:11
  Tracing not turned on.
  Tns error struct:
    nr err code: 0
    ns main err code: 12541
    TNS-12541: TNS:fãrã listener
    ns secondary err code: 12560
    nt main err code: 511
    TNS-00511: Nu este proces de ascultare
    nt secondary err code: 61
    nt OS err code: 0


***********************************************************************
Fatal NI connect error 12541, connecting to:
 (DESCRIPTION=(ADDRESS=(PROTOCOL=TCP)(HOST=computeru-meu)(PORT=1521))(CONNECT_DATA=(SERVER=DEDICATED)(SERVICE_NAME=bdstud)(CID=(PROGRAM=E:\Microsoft Visual Studio\Vfp98\VFP6.EXE)(HOST=COMPUTERU-MEU)(USER=Mihaela))))

  VERSION INFORMATION:
	TNS for 32-bit Windows: Version 9.2.0.1.0 - Production
	Windows NT TCP/IP NT Protocol Adapter for 32-bit Windows: Version 9.2.0.1.0 - Production
  Time: 24-MAI-2003 10:28:52
  Tracing not turned on.
  Tns error struct:
    nr err code: 0
    ns main err code: 12541
    TNS-12541: TNS:fãrã listener
    ns secondary err code: 12560
    nt main err code: 511
    TNS-00511: Nu este proces de ascultare
    nt secondary err code: 61
    nt OS err code: 0


***********************************************************************
Fatal NI connect error 12541, connecting to:
 (DESCRIPTION=(ADDRESS=(PROTOCOL=TCP)(HOST=computeru-meu)(PORT=1521))(CONNECT_DATA=(SERVER=DEDICATED)(SERVICE_NAME=bdstud)(CID=(PROGRAM=E:\Microsoft Visual Studio\Vfp98\VFP6.EXE)(HOST=COMPUTERU-MEU)(USER=Mihaela))))

  VERSION INFORMATION:
	TNS for 32-bit Windows: Version 9.2.0.1.0 - Production
	Windows NT TCP/IP NT Protocol Adapter for 32-bit Windows: Version 9.2.0.1.0 - Production
  Time: 24-MAI-2003 16:02:34
  Tracing not turned on.
  Tns error struct:
    nr err code: 0
    ns main err code: 12541
    TNS-12541: TNS:fãrã listener
    ns secondary err code: 12560
    nt main err code: 511
    TNS-00511: Nu este proces de ascultare
    nt secondary err code: 61
    nt OS err code: 0
